C:\Program Files (x86)\Microsoft Visual Studio\2019\Professional\MSBuild\Microsoft\VC\v160\Microsoft.CppBuild.targets(438,5): warning MSB8004: Output Directory does not end with a trailing slash.  This build instance will add the slash as it is required to allow proper evaluation of the Output Directory.
  Building Custom Rule F:/学习笔记/C++/paho.mqtt.cpp/src/CMakeLists.txt
  async_client.cpp
  client.cpp
  disconnect_options.cpp
  iclient_persistence.cpp
  message.cpp
F:\学习笔记\C++\paho.mqtt.cpp\src\iclient_persistence.cpp(113,14): warning C4267:  “=”: 从“size_t”转换到“int”，可能丢失数据
  properties.cpp
  response_options.cpp
  ssl_options.cpp
  string_collection.cpp
  subscribe_options.cpp
  token.cpp
  topic.cpp
  connect_options.cpp
  will_options.cpp
  正在生成代码...
F:\学习笔记\C++\paho.mqtt.cpp\src\message.cpp(115,38): warning C4267:  “=”: 从“size_t”转换到“int”，可能丢失数据
  paho-cpp-objs.vcxproj -> F:\学习笔记\C++\paho.mqtt.cpp\build\src\..\..\install\bin\paho-cpp-objs.lib
